  stdafx.cpp
  CANopenLibHelper.cpp
f:\software\vs\canopen library\canopen library sample\canopenlibsample_cpp\canopenlibhelper.h(63): warning C4091: “typedef ”: 没有声明变量时忽略“EnumAdapter”的左侧
f:\software\vs\canopen library\canopen library sample\canopenlibsample_cpp\canopenlibhelper.h(75): warning C4091: “typedef ”: 没有声明变量时忽略“EnumBaudRate”的左侧
f:\software\vs\canopen library\canopen library sample\canopenlibsample_cpp\canopenlibhelper.h(214): warning C4091: “typedef ”: 没有声明变量时忽略“KvaserDeviceType”的左侧
f:\software\vs\canopen library\canopen library sample\canopenlibsample_cpp\canopenlibhelper.h(338): warning C4091: “typedef ”: 没有声明变量时忽略“PEAKDeviceType”的左侧
f:\software\vs\canopen library\canopen library sample\canopenlibsample_cpp\canopenlibhelper.h(377): warning C4091: “typedef ”: 没有声明变量时忽略“ZLGDeviceType”的左侧
  CANopenLibSample_CPP.cpp
f:\software\vs\canopen library\canopen library sample\canopenlibsample_cpp\canopenlibhelper.h(63): warning C4091: “typedef ”: 没有声明变量时忽略“EnumAdapter”的左侧
f:\software\vs\canopen library\canopen library sample\canopenlibsample_cpp\canopenlibhelper.h(75): warning C4091: “typedef ”: 没有声明变量时忽略“EnumBaudRate”的左侧
f:\software\vs\canopen library\canopen library sample\canopenlibsample_cpp\canopenlibhelper.h(214): warning C4091: “typedef ”: 没有声明变量时忽略“KvaserDeviceType”的左侧
f:\software\vs\canopen library\canopen library sample\canopenlibsample_cpp\canopenlibhelper.h(338): warning C4091: “typedef ”: 没有声明变量时忽略“PEAKDeviceType”的左侧
f:\software\vs\canopen library\canopen library sample\canopenlibsample_cpp\canopenlibhelper.h(377): warning C4091: “typedef ”: 没有声明变量时忽略“ZLGDeviceType”的左侧
  CANopenLibSample_CPPDlg.cpp
f:\software\vs\canopen library\canopen library sample\canopenlibsample_cpp\canopenlibhelper.h(63): warning C4091: “typedef ”: 没有声明变量时忽略“EnumAdapter”的左侧
f:\software\vs\canopen library\canopen library sample\canopenlibsample_cpp\canopenlibhelper.h(75): warning C4091: “typedef ”: 没有声明变量时忽略“EnumBaudRate”的左侧
f:\software\vs\canopen library\canopen library sample\canopenlibsample_cpp\canopenlibhelper.h(214): warning C4091: “typedef ”: 没有声明变量时忽略“KvaserDeviceType”的左侧
f:\software\vs\canopen library\canopen library sample\canopenlibsample_cpp\canopenlibhelper.h(338): warning C4091: “typedef ”: 没有声明变量时忽略“PEAKDeviceType”的左侧
f:\software\vs\canopen library\canopen library sample\canopenlibsample_cpp\canopenlibhelper.h(377): warning C4091: “typedef ”: 没有声明变量时忽略“ZLGDeviceType”的左侧
f:\software\vs\canopen library\canopen library sample\canopenlibsample_cpp\canopenlibsample_cppdlg.cpp(332): warning C4244: “=”: 从“unsigned long”转换到“BYTE”，可能丢失数据
f:\software\vs\canopen library\canopen library sample\canopenlibsample_cpp\canopenlibsample_cppdlg.cpp(403): warning C4244: “=”: 从“unsigned long”转换到“BYTE”，可能丢失数据
f:\software\vs\canopen library\canopen library sample\canopenlibsample_cpp\canopenlibsample_cppdlg.cpp(520): warning C4244: “=”: 从“unsigned long”转换到“BYTE”，可能丢失数据
f:\software\vs\canopen library\canopen library sample\canopenlibsample_cpp\canopenlibsample_cppdlg.cpp(576): warning C4244: “=”: 从“unsigned long”转换到“BYTE”，可能丢失数据
f:\software\vs\canopen library\canopen library sample\canopenlibsample_cpp\canopenlibsample_cppdlg.cpp(632): warning C4244: “=”: 从“__int64”转换到“int”，可能丢失数据
f:\software\vs\canopen library\canopen library sample\canopenlibsample_cpp\canopenlibsample_cppdlg.cpp(636): warning C4244: “=”: 从“__int64”转换到“int”，可能丢失数据
f:\software\vs\canopen library\canopen library sample\canopenlibsample_cpp\canopenlibsample_cppdlg.cpp(649): warning C4244: “=”: 从“__int64”转换到“int”，可能丢失数据
  HexEditCtrl.cpp
  Homing.cpp
  PosMode.cpp
  QProgram.cpp
  TransparentPic.cpp
  正在生成代码...
  CANopenLibSample_CPP.vcxproj -> F:\software\vs\CANopen Library\CANopen Library Sample\Debug\CANopenLibSample_CPP.exe
